# JRE version: Java(TM) SE Runtime Environment (7.0_51-b13) (build 1.7.0_51-b13)
# Java VM: Java HotSpot(TM) Client VM (24.51-b03 mixed mode, sharing windows-x86 )
Heap
 def new generation   total 4928K, used 4380K [0x24620000, 0x24b70000, 0x29b70000)
  eden space 4416K,  87% used [0x24620000, 0x249e7248, 0x24a70000)
  from space 512K, 100% used [0x24af0000, 0x24b70000, 0x24b70000)
  to   space 512K,   0% used [0x24a70000, 0x24a70000, 0x24af0000)
 tenured generation   total 10944K, used 7219K [0x29b70000, 0x2a620000, 0x34620000)
   the space 10944K,  65% used [0x29b70000, 0x2a27ce10, 0x2a27d000, 0x2a620000)
 compacting perm gen  total 12288K, used 3812K [0x34620000, 0x35220000, 0x38620000)
   the space 12288K,  31% used [0x34620000, 0x349d9290, 0x349d9400, 0x35220000)
    ro space 10240K,  41% used [0x38620000, 0x38a52050, 0x38a52200, 0x39020000)
    rw space 12288K,  52% used [0x39020000, 0x39666800, 0x39666800, 0x39c20000)
GC Heap History (8 events):
Event: 0.191 GC heap before
{Heap before GC invocations=0 (full 0):
 def new generation   total 4928K, used 4416K [0x24620000, 0x24b70000, 0x29b70000)
  eden space 4416K, 100% used [0x24620000, 0x24a70000, 0x24a70000)
  from space 512K,   0% used [0x24a70000, 0x24a70000, 0x24af0000)
  to   space 512K,   0% used [0x24af0000, 0x24af0000, 0x24b70000)
 tenured generation   total 10944K, used 0K [0x29b70000, 0x2a620000, 0x34620000)
   the space 10944K,   0% used [0x29b70000, 0x29b70000, 0x29b70200, 0x2a620000)
 compacting perm gen  total 12288K, used 970K [0x34620000, 0x35220000, 0x38620000)
   the space 12288K,   7% used [0x34620000, 0x34712888, 0x34712a00, 0x35220000)
    ro space 10240K,  41% used [0x38620000, 0x38a52050, 0x38a52200, 0x39020000)
    rw space 12288K,  52% used [0x39020000, 0x39666800, 0x39666800, 0x39c20000)
Event: 0.196 GC heap after
Heap after GC invocations=1 (full 0):
 def new generation   total 4928K, used 512K [0x24620000, 0x24b70000, 0x29b70000)
  eden space 4416K,   0% used [0x24620000, 0x24620000, 0x24a70000)
  from space 512K, 100% used [0x24af0000, 0x24b70000, 0x24b70000)
  to   space 512K,   0% used [0x24a70000, 0x24a70000, 0x24af0000)
 tenured generation   total 10944K, used 1529K [0x29b70000, 0x2a620000, 0x34620000)
   the space 10944K,  13% used [0x29b70000, 0x29cee450, 0x29cee600, 0x2a620000)
 compacting perm gen  total 12288K, used 970K [0x34620000, 0x35220000, 0x38620000)
   the space 12288K,   7% used [0x34620000, 0x34712888, 0x34712a00, 0x35220000)
    ro space 10240K,  41% used [0x38620000, 0x38a52050, 0x38a52200, 0x39020000)
    rw space 12288K,  52% used [0x39020000, 0x39666800, 0x39666800, 0x39c20000)
}
Event: 3.306 GC heap before
{Heap before GC invocations=1 (full 0):
 def new generation   total 4928K, used 4928K [0x24620000, 0x24b70000, 0x29b70000)
  eden space 4416K, 100% used [0x24620000, 0x24a70000, 0x24a70000)
  from space 512K, 100% used [0x24af0000, 0x24b70000, 0x24b70000)
  to   space 512K,   0% used [0x24a70000, 0x24a70000, 0x24af0000)
 tenured generation   total 10944K, used 1529K [0x29b70000, 0x2a620000, 0x34620000)
   the space 10944K,  13% used [0x29b70000, 0x29cee450, 0x29cee600, 0x2a620000)
 compacting perm gen  total 12288K, used 2409K [0x34620000, 0x35220000, 0x38620000)
   the space 12288K,  19% used [0x34620000, 0x3487a480, 0x3487a600, 0x35220000)
    ro space 10240K,  41% used [0x38620000, 0x38a52050, 0x38a52200, 0x39020000)
    rw space 12288K,  52% used [0x39020000, 0x39666800, 0x39666800, 0x39c20000)
Event: 3.314 GC heap after
Heap after GC invocations=2 (full 0):
 def new generation   total 4928K, used 512K [0x24620000, 0x24b70000, 0x29b70000)
  eden space 4416K,   0% used [0x24620000, 0x24620000, 0x24a70000)
  from space 512K, 100% used [0x24a70000, 0x24af0000, 0x24af0000)
  to   space 512K,   0% used [0x24af0000, 0x24af0000, 0x24b70000)
 tenured generation   total 10944K, used 4038K [0x29b70000, 0x2a620000, 0x34620000)
   the space 10944K,  36% used [0x29b70000, 0x29f61b78, 0x29f61c00, 0x2a620000)
 compacting perm gen  total 12288K, used 2409K [0x34620000, 0x35220000, 0x38620000)
   the space 12288K,  19% used [0x34620000, 0x3487a480, 0x3487a600, 0x35220000)
    ro space 10240K,  41% used [0x38620000, 0x38a52050, 0x38a52200, 0x39020000)
    rw space 12288K,  52% used [0x39020000, 0x39666800, 0x39666800, 0x39c20000)
}
Event: 7.415 GC heap before
{Heap before GC invocations=2 (full 0):
 def new generation   total 4928K, used 4928K [0x24620000, 0x24b70000, 0x29b70000)
  eden space 4416K, 100% used [0x24620000, 0x24a70000, 0x24a70000)
  from space 512K, 100% used [0x24a70000, 0x24af0000, 0x24af0000)
  to   space 512K,   0% used [0x24af0000, 0x24af0000, 0x24b70000)
 tenured generation   total 10944K, used 4038K [0x29b70000, 0x2a620000, 0x34620000)
   the space 10944K,  36% used [0x29b70000, 0x29f61b78, 0x29f61c00, 0x2a620000)
 compacting perm gen  total 12288K, used 2712K [0x34620000, 0x35220000, 0x38620000)
   the space 12288K,  22% used [0x34620000, 0x348c6170, 0x348c6200, 0x35220000)
    ro space 10240K,  41% used [0x38620000, 0x38a52050, 0x38a52200, 0x39020000)
    rw space 12288K,  52% used [0x39020000, 0x39666800, 0x39666800, 0x39c20000)
Event: 7.420 GC heap after
Heap after GC invocations=3 (full 0):
 def new generation   total 4928K, used 512K [0x24620000, 0x24b70000, 0x29b70000)
  eden space 4416K,   0% used [0x24620000, 0x24620000, 0x24a70000)
  from space 512K, 100% used [0x24af0000, 0x24b70000, 0x24b70000)
  to   space 512K,   0% used [0x24a70000, 0x24a70000, 0x24af0000)
 tenured generation   total 10944K, used 5459K [0x29b70000, 0x2a620000, 0x34620000)
   the space 10944K,  49% used [0x29b70000, 0x2a0c4c30, 0x2a0c4e00, 0x2a620000)
 compacting perm gen  total 12288K, used 2712K [0x34620000, 0x35220000, 0x38620000)
   the space 12288K,  22% used [0x34620000, 0x348c6170, 0x348c6200, 0x35220000)
    ro space 10240K,  41% used [0x38620000, 0x38a52050, 0x38a52200, 0x39020000)
    rw space 12288K,  52% used [0x39020000, 0x39666800, 0x39666800, 0x39c20000)
}
Event: 7.560 GC heap before
{Heap before GC invocations=3 (full 0):
 def new generation   total 4928K, used 4928K [0x24620000, 0x24b70000, 0x29b70000)
  eden space 4416K, 100% used [0x24620000, 0x24a70000, 0x24a70000)
  from space 512K, 100% used [0x24af0000, 0x24b70000, 0x24b70000)
  to   space 512K,   0% used [0x24a70000, 0x24a70000, 0x24af0000)
 tenured generation   total 10944K, used 5459K [0x29b70000, 0x2a620000, 0x34620000)
   the space 10944K,  49% used [0x29b70000, 0x2a0c4c30, 0x2a0c4e00, 0x2a620000)
 compacting perm gen  total 12288K, used 3517K [0x34620000, 0x35220000, 0x38620000)
   the space 12288K,  28% used [0x34620000, 0x3498f6f8, 0x3498f800, 0x35220000)
    ro space 10240K,  41% used [0x38620000, 0x38a52050, 0x38a52200, 0x39020000)
    rw space 12288K,  52% used [0x39020000, 0x39666800, 0x39666800, 0x39c20000)
Event: 7.566 GC heap after
Heap after GC invocations=4 (full 0):
 def new generation   total 4928K, used 512K [0x24620000, 0x24b70000, 0x29b70000)
  eden space 4416K,   0% used [0x24620000, 0x24620000, 0x24a70000)
  from space 512K, 100% used [0x24a70000, 0x24af0000, 0x24af0000)
  to   space 512K,   0% used [0x24af0000, 0x24af0000, 0x24b70000)
 tenured generation   total 10944K, used 6550K [0x29b70000, 0x2a620000, 0x34620000)
   the space 10944K,  59% used [0x29b70000, 0x2a1d5bb0, 0x2a1d5c00, 0x2a620000)
 compacting perm gen  total 12288K, used 3517K [0x34620000, 0x35220000, 0x38620000)
   the space 12288K,  28% used [0x34620000, 0x3498f6f8, 0x3498f800, 0x35220000)
    ro space 10240K,  41% used [0x38620000, 0x38a52050, 0x38a52200, 0x39020000)
    rw space 12288K,  52% used [0x39020000, 0x39666800, 0x39666800, 0x39c20000)
}

